<?xml version="1.0" encoding="UTF-8"?>
<testng-results skipped="0" failed="0" total="1" passed="1">
  <reporter-output>
  </reporter-output>
  <suite name="IkmanLK" duration-ms="236966" started-at="2018-07-13T15:01:03Z" finished-at="2018-07-13T15:05:00Z">
    <groups>
    </groups>
    <test name="TestNG tests" duration-ms="236966" started-at="2018-07-13T15:01:03Z" finished-at="2018-07-13T15:05:00Z">
      <class name="ikmanlk.test.TestNgTestNGTest">
        <test-method status="PASS" signature="setUp()[pri:0, instance:ikmanlk.test.TestNgTestNGTest@64cee07]" name="setUp" is-config="true" duration-ms="35724" started-at="2018-07-13T20:31:03Z" finished-at="2018-07-13T20:31:39Z">
          <reporter-output>
          </reporter-output>
        </test-method> <!-- setUp -->
        <test-method status="PASS" signature="testIkman()[pri:0, instance:ikmanlk.test.TestNgTestNGTest@64cee07]" name="testIkman" duration-ms="136139" started-at="2018-07-13T20:31:39Z" finished-at="2018-07-13T20:33:55Z">
          <reporter-output>
          </reporter-output>
        </test-method> <!-- testIkman -->
        <test-method status="PASS" signature="tearDown()[pri:0, instance:ikmanlk.test.TestNgTestNGTest@64cee07]" name="tearDown" is-config="true" duration-ms="65081" started-at="2018-07-13T20:33:55Z" finished-at="2018-07-13T20:35:00Z">
          <reporter-output>
          </reporter-output>
        </test-method> <!-- tearDown -->
      </class> <!-- ikmanlk.test.TestNgTestNGTest -->
    </test> <!-- TestNG tests -->
  </suite> <!-- IkmanLK -->
</testng-results>
